<?xml version="1.0" ?>
<coverage branch-rate="0" branches-covered="0" branches-valid="0" complexity="0" line-rate="0.31" lines-covered="341" lines-valid="1100" timestamp="1575416336078" version="4.5.4">
	<!-- Generated by coverage.py: https://coverage.readthedocs.io -->
	<!-- Based on https://raw.githubusercontent.com/cobertura/web/master/htdocs/xml/coverage-04.dtd -->
	<sources/>
	<packages>
		<package branch-rate="0" complexity="0" line-rate="0.52" name=".home.ktmeaton..local.lib.python3.7.site-packages">
			<classes>
				<class branch-rate="0" complexity="0" filename="/home/ktmeaton/.local/lib/python3.7/site-packages/zipp.py" line-rate="0.52" name="zipp.py">
					<methods/>
					<lines>
						<line hits="1" number="3"/>
						<line hits="1" number="5"/>
						<line hits="1" number="6"/>
						<line hits="1" number="7"/>
						<line hits="1" number="8"/>
						<line hits="1" number="9"/>
						<line hits="1" number="10"/>
						<line hits="1" number="12"/>
						<line hits="1" number="14"/>
						<line hits="1" number="17"/>
						<line hits="0" number="33"/>
						<line hits="1" number="36"/>
						<line hits="0" number="52"/>
						<line hits="0" number="53"/>
						<line hits="0" number="54"/>
						<line hits="0" number="55"/>
						<line hits="1" number="58"/>
						<line hits="1" number="123"/>
						<line hits="1" number="125"/>
						<line hits="1" number="126"/>
						<line hits="0" number="131"/>
						<line hits="1" number="133"/>
						<line hits="1" number="139"/>
						<line hits="1" number="140"/>
						<line hits="1" number="141"/>
						<line hits="1" number="142"/>
						<line hits="1" number="144"/>
						<line hits="0" number="146"/>
						<line hits="1" number="148"/>
						<line hits="0" number="150"/>
						<line hits="1" number="152"/>
						<line hits="0" number="153"/>
						<line hits="0" number="154"/>
						<line hits="1" number="156"/>
						<line hits="0" number="157"/>
						<line hits="0" number="158"/>
						<line hits="1" number="160"/>
						<line hits="0" number="161"/>
						<line hits="1" number="163"/>
						<line hits="0" number="164"/>
						<line hits="1" number="166"/>
						<line hits="0" number="167"/>
						<line hits="1" number="169"/>
						<line hits="0" number="170"/>
						<line hits="1" number="172"/>
						<line hits="0" number="173"/>
						<line hits="1" number="175"/>
						<line hits="0" number="176"/>
						<line hits="0" number="177"/>
						<line hits="0" number="178"/>
						<line hits="0" number="179"/>
						<line hits="1" number="181"/>
						<line hits="0" number="182"/>
						<line hits="1" number="184"/>
						<line hits="0" number="185"/>
						<line hits="1" number="187"/>
						<line hits="0" number="188"/>
						<line hits="0" number="189"/>
						<line hits="0" number="190"/>
						<line hits="0" number="191"/>
						<line hits="0" number="192"/>
						<line hits="1" number="194"/>
						<line hits="1" number="196"/>
						<line hits="0" number="198"/>
						<line hits="1" number="205"/>
						<line hits="0" number="207"/>
						<line hits="1" number="209"/>
						<line hits="0" number="211"/>
						<line hits="0" number="212"/>
						<line hits="0" number="213"/>
						<line hits="0" number="214"/>
						<line hits="1" number="216"/>
						<line hits="0" number="217"/>
						<line hits="1" number="219"/>
						<line hits="0" number="220"/>
					</lines>
				</class>
			</classes>
		</package>
		<package branch-rate="0" complexity="0" line-rate="0.7523" name=".home.ktmeaton..local.lib.python3.7.site-packages.importlib_metadata">
			<classes>
				<class branch-rate="0" complexity="0" filename="/home/ktmeaton/.local/lib/python3.7/site-packages/importlib_metadata/__init__.py" line-rate="0.7423" name="__init__.py">
					<methods/>
					<lines>
						<line hits="1" number="1"/>
						<line hits="1" number="3"/>
						<line hits="1" number="4"/>
						<line hits="1" number="5"/>
						<line hits="1" number="6"/>
						<line hits="1" number="7"/>
						<line hits="1" number="8"/>
						<line hits="1" number="9"/>
						<line hits="1" number="10"/>
						<line hits="1" number="11"/>
						<line hits="1" number="12"/>
						<line hits="1" number="13"/>
						<line hits="1" number="15"/>
						<line hits="1" number="32"/>
						<line hits="1" number="33"/>
						<line hits="1" number="36"/>
						<line hits="1" number="39"/>
						<line hits="1" number="53"/>
						<line hits="1" number="57"/>
						<line hits="1" number="65"/>
						<line hits="1" number="86"/>
						<line hits="1" number="91"/>
						<line hits="1" number="92"/>
						<line hits="1" number="93"/>
						<line hits="1" number="94"/>
						<line hits="1" number="96"/>
						<line hits="0" number="98"/>
						<line hits="0" number="99"/>
						<line hits="1" number="101"/>
						<line hits="1" number="103"/>
						<line hits="1" number="109"/>
						<line hits="1" number="111"/>
						<line hits="1" number="113"/>
						<line hits="1" number="114"/>
						<line hits="1" number="115"/>
						<line hits="1" number="119"/>
						<line hits="1" number="121"/>
						<line hits="0" number="125"/>
						<line hits="1" number="128"/>
						<line hits="1" number="131"/>
						<line hits="0" number="132"/>
						<line hits="0" number="133"/>
						<line hits="1" number="135"/>
						<line hits="0" number="136"/>
						<line hits="0" number="137"/>
						<line hits="1" number="139"/>
						<line hits="0" number="141"/>
						<line hits="1" number="144"/>
						<line hits="1" number="145"/>
						<line hits="1" number="146"/>
						<line hits="1" number="148"/>
						<line hits="0" number="149"/>
						<line hits="1" number="152"/>
						<line hits="1" number="155"/>
						<line hits="1" number="163"/>
						<line hits="1" number="170"/>
						<line hits="1" number="180"/>
						<line hits="1" number="181"/>
						<line hits="1" number="182"/>
						<line hits="1" number="183"/>
						<line hits="1" number="184"/>
						<line hits="1" number="185"/>
						<line hits="0" number="187"/>
						<line hits="1" number="189"/>
						<line hits="1" number="199"/>
						<line hits="1" number="200"/>
						<line hits="0" number="201"/>
						<line hits="1" number="202"/>
						<line hits="1" number="203"/>
						<line hits="1" number="208"/>
						<line hits="1" number="222"/>
						<line hits="0" number="229"/>
						<line hits="1" number="231"/>
						<line hits="1" number="234"/>
						<line hits="1" number="238"/>
						<line hits="1" number="240"/>
						<line hits="1" number="247"/>
						<line hits="1" number="255"/>
						<line hits="1" number="257"/>
						<line hits="1" number="260"/>
						<line hits="1" number="262"/>
						<line hits="1" number="264"/>
						<line hits="1" number="266"/>
						<line hits="1" number="277"/>
						<line hits="1" number="279"/>
						<line hits="1" number="280"/>
						<line hits="1" number="281"/>
						<line hits="1" number="282"/>
						<line hits="1" number="283"/>
						<line hits="1" number="284"/>
						<line hits="1" number="286"/>
						<line hits="1" number="288"/>
						<line hits="1" number="292"/>
						<line hits="1" number="293"/>
						<line hits="1" number="295"/>
						<line hits="0" number="300"/>
						<line hits="0" number="301"/>
						<line hits="1" number="303"/>
						<line hits="0" number="306"/>
						<line hits="0" number="307"/>
						<line hits="1" number="309"/>
						<line hits="0" number="310"/>
						<line hits="1" number="312"/>
						<line hits="0" number="313"/>
						<line hits="0" number="314"/>
						<line hits="1" number="316"/>
						<line hits="0" number="318"/>
						<line hits="0" number="319"/>
						<line hits="0" number="324"/>
						<line hits="1" number="326"/>
						<line hits="0" number="328"/>
						<line hits="0" number="329"/>
						<line hits="0" number="330"/>
						<line hits="0" number="331"/>
						<line hits="0" number="332"/>
						<line hits="0" number="333"/>
						<line hits="0" number="334"/>
						<line hits="1" number="336"/>
						<line hits="0" number="347"/>
						<line hits="0" number="348"/>
						<line hits="0" number="350"/>
						<line hits="0" number="351"/>
						<line hits="0" number="352"/>
						<line hits="0" number="353"/>
						<line hits="0" number="354"/>
						<line hits="0" number="355"/>
						<line hits="0" number="356"/>
						<line hits="0" number="358"/>
						<line hits="0" number="359"/>
						<line hits="0" number="360"/>
						<line hits="1" number="363"/>
						<line hits="1" number="368"/>
						<line hits="1" number="370"/>
						<line hits="1" number="375"/>
						<line hits="1" number="376"/>
						<line hits="1" number="378"/>
						<line hits="1" number="383"/>
						<line hits="1" number="385"/>
						<line hits="1" number="387"/>
						<line hits="1" number="389"/>
						<line hits="1" number="390"/>
						<line hits="1" number="400"/>
						<line hits="1" number="401"/>
						<line hits="1" number="408"/>
						<line hits="1" number="417"/>
						<line hits="1" number="418"/>
						<line hits="1" number="420"/>
						<line hits="1" number="423"/>
						<line hits="1" number="428"/>
						<line hits="1" number="430"/>
						<line hits="1" number="431"/>
						<line hits="1" number="432"/>
						<line hits="1" number="433"/>
						<line hits="1" number="435"/>
						<line hits="1" number="437"/>
						<line hits="1" number="438"/>
						<line hits="1" number="439"/>
						<line hits="1" number="441"/>
						<line hits="1" number="443"/>
						<line hits="1" number="444"/>
						<line hits="1" number="445"/>
						<line hits="1" number="447"/>
						<line hits="1" number="449"/>
						<line hits="1" number="450"/>
						<line hits="1" number="451"/>
						<line hits="1" number="452"/>
						<line hits="1" number="457"/>
						<line hits="1" number="458"/>
						<line hits="1" number="464"/>
						<line hits="1" number="466"/>
						<line hits="1" number="467"/>
						<line hits="1" number="469"/>
						<line hits="1" number="470"/>
						<line hits="1" number="472"/>
						<line hits="0" number="473"/>
						<line hits="1" number="476"/>
						<line hits="1" number="482"/>
						<line hits="1" number="485"/>
						<line hits="1" number="490"/>
						<line hits="1" number="493"/>
						<line hits="0" number="499"/>
						<line hits="1" number="502"/>
						<line hits="1" number="509"/>
						<line hits="1" number="512"/>
						<line hits="0" number="517"/>
						<line hits="0" number="519"/>
						<line hits="0" number="520"/>
						<line hits="0" number="521"/>
						<line hits="0" number="522"/>
						<line hits="1" number="528"/>
						<line hits="0" number="534"/>
						<line hits="1" number="537"/>
						<line hits="0" number="544"/>
						<line hits="1" number="547"/>
					</lines>
				</class>
				<class branch-rate="0" complexity="0" filename="/home/ktmeaton/.local/lib/python3.7/site-packages/importlib_metadata/_compat.py" line-rate="0.8333" name="_compat.py">
					<methods/>
					<lines>
						<line hits="1" number="1"/>
						<line hits="1" number="3"/>
						<line hits="1" number="4"/>
						<line hits="1" number="5"/>
						<line hits="1" number="6"/>
						<line hits="1" number="32"/>
						<line hits="1" number="33"/>
						<line hits="1" number="45"/>
						<line hits="1" number="46"/>
						<line hits="1" number="53"/>
						<line hits="1" number="55"/>
						<line hits="1" number="56"/>
						<line hits="1" number="59"/>
						<line hits="1" number="64"/>
						<line hits="1" number="66"/>
						<line hits="1" number="74"/>
						<line hits="1" number="77"/>
						<line hits="0" number="80"/>
						<line hits="0" number="81"/>
						<line hits="1" number="84"/>
						<line hits="1" number="91"/>
						<line hits="1" number="94"/>
						<line hits="0" number="98"/>
						<line hits="0" number="100"/>
					</lines>
				</class>
			</classes>
		</package>
		<package branch-rate="0" complexity="0" line-rate="0.171" name=".home.ktmeaton..local.lib.python3.7.site-packages.more_itertools">
			<classes>
				<class branch-rate="0" complexity="0" filename="/home/ktmeaton/.local/lib/python3.7/site-packages/more_itertools/__init__.py" line-rate="1" name="__init__.py">
					<methods/>
					<lines>
						<line hits="1" number="1"/>
						<line hits="1" number="2"/>
					</lines>
				</class>
				<class branch-rate="0" complexity="0" filename="/home/ktmeaton/.local/lib/python3.7/site-packages/more_itertools/more.py" line-rate="0.1544" name="more.py">
					<methods/>
					<lines>
						<line hits="1" number="1"/>
						<line hits="1" number="2"/>
						<line hits="1" number="3"/>
						<line hits="1" number="4"/>
						<line hits="1" number="5"/>
						<line hits="1" number="20"/>
						<line hits="1" number="21"/>
						<line hits="1" number="22"/>
						<line hits="1" number="24"/>
						<line hits="1" number="26"/>
						<line hits="1" number="93"/>
						<line hits="1" number="96"/>
						<line hits="0" number="117"/>
						<line hits="1" number="120"/>
						<line hits="0" number="137"/>
						<line hits="0" number="138"/>
						<line hits="0" number="139"/>
						<line hits="0" number="144"/>
						<line hits="0" number="145"/>
						<line hits="0" number="147"/>
						<line hits="1" number="150"/>
						<line hits="0" number="162"/>
						<line hits="0" number="163"/>
						<line hits="0" number="165"/>
						<line hits="0" number="166"/>
						<line hits="0" number="168"/>
						<line hits="0" number="169"/>
						<line hits="0" number="170"/>
						<line hits="0" number="171"/>
						<line hits="0" number="173"/>
						<line hits="1" number="176"/>
						<line hits="1" number="234"/>
						<line hits="0" number="235"/>
						<line hits="0" number="236"/>
						<line hits="1" number="238"/>
						<line hits="0" number="239"/>
						<line hits="1" number="241"/>
						<line hits="0" number="242"/>
						<line hits="0" number="243"/>
						<line hits="0" number="244"/>
						<line hits="0" number="245"/>
						<line hits="0" number="246"/>
						<line hits="1" number="248"/>
						<line hits="0" number="255"/>
						<line hits="0" number="256"/>
						<line hits="0" number="257"/>
						<line hits="0" number="258"/>
						<line hits="0" number="259"/>
						<line hits="0" number="260"/>
						<line hits="0" number="261"/>
						<line hits="0" number="262"/>
						<line hits="1" number="264"/>
						<line hits="0" number="293"/>
						<line hits="1" number="295"/>
						<line hits="0" number="296"/>
						<line hits="0" number="297"/>
						<line hits="0" number="299"/>
						<line hits="1" number="301"/>
						<line hits="0" number="303"/>
						<line hits="0" number="304"/>
						<line hits="0" number="305"/>
						<line hits="0" number="306"/>
						<line hits="0" number="307"/>
						<line hits="0" number="308"/>
						<line hits="0" number="309"/>
						<line hits="0" number="311"/>
						<line hits="0" number="315"/>
						<line hits="0" number="316"/>
						<line hits="0" number="320"/>
						<line hits="0" number="321"/>
						<line hits="0" number="322"/>
						<line hits="0" number="323"/>
						<line hits="0" number="325"/>
						<line hits="1" number="327"/>
						<line hits="0" number="328"/>
						<line hits="0" number="329"/>
						<line hits="0" number="331"/>
						<line hits="0" number="332"/>
						<line hits="0" number="333"/>
						<line hits="0" number="334"/>
						<line hits="0" number="335"/>
						<line hits="0" number="337"/>
						<line hits="1" number="340"/>
						<line hits="0" number="345"/>
						<line hits="0" number="346"/>
						<line hits="0" number="347"/>
						<line hits="0" number="348"/>
						<line hits="0" number="349"/>
						<line hits="0" number="350"/>
						<line hits="0" number="351"/>
						<line hits="1" number="354"/>
						<line hits="0" number="385"/>
						<line hits="0" number="386"/>
						<line hits="0" number="388"/>
						<line hits="1" number="393"/>
						<line hits="1" number="394"/>
						<line hits="1" number="395"/>
						<line hits="1" number="396"/>
						<line hits="1" number="399"/>
						<line hits="0" number="421"/>
						<line hits="0" number="423"/>
						<line hits="0" number="424"/>
						<line hits="0" number="425"/>
						<line hits="0" number="426"/>
						<line hits="1" number="429"/>
						<line hits="0" number="441"/>
						<line hits="0" number="442"/>
						<line hits="0" number="443"/>
						<line hits="1" number="446"/>
						<line hits="0" number="454"/>
						<line hits="0" number="455"/>
						<line hits="0" number="456"/>
						<line hits="1" number="459"/>
						<line hits="0" number="470"/>
						<line hits="0" number="471"/>
						<line hits="1" number="474"/>
						<line hits="0" number="517"/>
						<line hits="0" number="519"/>
						<line hits="0" number="520"/>
						<line hits="0" number="521"/>
						<line hits="0" number="522"/>
						<line hits="0" number="524"/>
						<line hits="0" number="525"/>
						<line hits="0" number="526"/>
						<line hits="0" number="527"/>
						<line hits="0" number="529"/>
						<line hits="0" number="531"/>
						<line hits="1" number="534"/>
						<line hits="0" number="551"/>
						<line hits="0" number="560"/>
						<line hits="0" number="561"/>
						<line hits="0" number="562"/>
						<line hits="0" number="563"/>
						<line hits="0" number="564"/>
						<line hits="0" number="566"/>
						<line hits="0" number="568"/>
						<line hits="0" number="569"/>
						<line hits="0" number="570"/>
						<line hits="0" number="572"/>
						<line hits="1" number="575"/>
						<line hits="0" number="586"/>
						<line hits="0" number="587"/>
						<line hits="0" number="588"/>
						<line hits="0" number="591"/>
						<line hits="0" number="596"/>
						<line hits="0" number="597"/>
						<line hits="0" number="598"/>
						<line hits="1" number="601"/>
						<line hits="0" number="628"/>
						<line hits="0" number="629"/>
						<line hits="0" number="630"/>
						<line hits="0" number="631"/>
						<line hits="1" number="634"/>
						<line hits="0" number="662"/>
						<line hits="0" number="663"/>
						<line hits="0" number="664"/>
						<line hits="0" number="665"/>
						<line hits="0" number="666"/>
						<line hits="0" number="667"/>
						<line hits="0" number="668"/>
						<line hits="0" number="670"/>
						<line hits="0" number="671"/>
						<line hits="0" number="672"/>
						<line hits="0" number="675"/>
						<line hits="0" number="676"/>
						<line hits="0" number="677"/>
						<line hits="0" number="680"/>
						<line hits="0" number="681"/>
						<line hits="0" number="682"/>
						<line hits="0" number="683"/>
						<line hits="0" number="684"/>
						<line hits="0" number="685"/>
						<line hits="0" number="689"/>
						<line hits="0" number="690"/>
						<line hits="0" number="691"/>
						<line hits="0" number="692"/>
						<line hits="1" number="695"/>
						<line hits="0" number="708"/>
						<line hits="0" number="709"/>
						<line hits="0" number="710"/>
						<line hits="0" number="711"/>
						<line hits="0" number="712"/>
						<line hits="0" number="713"/>
						<line hits="0" number="716"/>
						<line hits="0" number="717"/>
						<line hits="0" number="718"/>
						<line hits="1" number="721"/>
						<line hits="0" number="747"/>
						<line hits="0" number="748"/>
						<line hits="0" number="749"/>
						<line hits="0" number="750"/>
						<line hits="1" number="755"/>
						<line hits="1" number="788"/>
						<line hits="0" number="789"/>
						<line hits="0" number="790"/>
						<line hits="0" number="791"/>
						<line hits="0" number="792"/>
						<line hits="1" number="794"/>
						<line hits="0" number="795"/>
						<line hits="0" number="796"/>
						<line hits="0" number="798"/>
						<line hits="0" number="799"/>
						<line hits="0" number="800"/>
						<line hits="0" number="801"/>
						<line hits="0" number="803"/>
						<line hits="0" number="805"/>
						<line hits="1" number="807"/>
						<line hits="0" number="813"/>
						<line hits="0" number="816"/>
						<line hits="0" number="817"/>
						<line hits="0" number="821"/>
						<line hits="0" number="822"/>
						<line hits="0" number="823"/>
						<line hits="0" number="824"/>
						<line hits="0" number="825"/>
						<line hits="0" number="826"/>
						<line hits="0" number="827"/>
						<line hits="0" number="828"/>
						<line hits="0" number="829"/>
						<line hits="0" number="830"/>
						<line hits="0" number="831"/>
						<line hits="1" number="833"/>
						<line hits="0" number="834"/>
						<line hits="0" number="835"/>
						<line hits="0" number="837"/>
						<line hits="1" number="840"/>
						<line hits="0" number="877"/>
						<line hits="0" number="878"/>
						<line hits="0" number="880"/>
						<line hits="1" number="883"/>
						<line hits="0" number="894"/>
						<line hits="1" number="897"/>
						<line hits="0" number="909"/>
						<line hits="0" number="910"/>
						<line hits="1" number="913"/>
						<line hits="0" number="939"/>
						<line hits="0" number="940"/>
						<line hits="0" number="945"/>
						<line hits="0" number="946"/>
						<line hits="0" number="948"/>
						<line hits="0" number="949"/>
						<line hits="0" number="950"/>
						<line hits="0" number="951"/>
						<line hits="0" number="952"/>
						<line hits="0" number="954"/>
						<line hits="0" number="955"/>
						<line hits="0" number="956"/>
						<line hits="0" number="958"/>
						<line hits="1" number="961"/>
						<line hits="0" number="1005"/>
						<line hits="0" number="1006"/>
						<line hits="0" number="1007"/>
						<line hits="0" number="1009"/>
						<line hits="0" number="1010"/>
						<line hits="0" number="1011"/>
						<line hits="0" number="1012"/>
						<line hits="0" number="1014"/>
						<line hits="0" number="1015"/>
						<line hits="0" number="1016"/>
						<line hits="0" number="1018"/>
						<line hits="0" number="1019"/>
						<line hits="1" number="1022"/>
						<line hits="0" number="1038"/>
						<line hits="1" number="1041"/>
						<line hits="0" number="1052"/>
						<line hits="0" number="1053"/>
						<line hits="0" number="1054"/>
						<line hits="0" number="1055"/>
						<line hits="0" number="1056"/>
						<line hits="0" number="1058"/>
						<line hits="0" number="1059"/>
						<line hits="1" number="1062"/>
						<line hits="0" number="1073"/>
						<line hits="0" number="1074"/>
						<line hits="0" number="1075"/>
						<line hits="0" number="1076"/>
						<line hits="0" number="1077"/>
						<line hits="0" number="1078"/>
						<line hits="0" number="1079"/>
						<line hits="1" number="1082"/>
						<line hits="0" number="1093"/>
						<line hits="0" number="1094"/>
						<line hits="0" number="1095"/>
						<line hits="0" number="1096"/>
						<line hits="0" number="1097"/>
						<line hits="0" number="1098"/>
						<line hits="0" number="1099"/>
						<line hits="0" number="1100"/>
						<line hits="1" number="1103"/>
						<line hits="0" number="1138"/>
						<line hits="0" number="1140"/>
						<line hits="0" number="1141"/>
						<line hits="0" number="1142"/>
						<line hits="0" number="1143"/>
						<line hits="0" number="1145"/>
						<line hits="1" number="1148"/>
						<line hits="0" number="1164"/>
						<line hits="0" number="1165"/>
						<line hits="0" number="1166"/>
						<line hits="0" number="1167"/>
						<line hits="0" number="1168"/>
						<line hits="0" number="1170"/>
						<line hits="0" number="1171"/>
						<line hits="0" number="1172"/>
						<line hits="0" number="1173"/>
						<line hits="0" number="1175"/>
						<line hits="0" number="1176"/>
						<line hits="0" number="1177"/>
						<line hits="1" number="1180"/>
						<line hits="0" number="1208"/>
						<line hits="0" number="1209"/>
						<line hits="0" number="1211"/>
						<line hits="0" number="1212"/>
						<line hits="1" number="1215"/>
						<line hits="0" number="1236"/>
						<line hits="0" number="1238"/>
						<line hits="1" number="1243"/>
						<line hits="0" number="1264"/>
						<line hits="0" number="1265"/>
						<line hits="0" number="1267"/>
						<line hits="0" number="1268"/>
						<line hits="0" number="1269"/>
						<line hits="0" number="1270"/>
						<line hits="0" number="1271"/>
						<line hits="0" number="1272"/>
						<line hits="0" number="1274"/>
						<line hits="0" number="1276"/>
						<line hits="0" number="1277"/>
						<line hits="0" number="1279"/>
						<line hits="1" number="1282"/>
						<line hits="0" number="1310"/>
						<line hits="1" number="1315"/>
						<line hits="0" number="1335"/>
						<line hits="0" number="1336"/>
						<line hits="0" number="1338"/>
						<line hits="0" number="1340"/>
						<line hits="0" number="1341"/>
						<line hits="0" number="1343"/>
						<line hits="0" number="1344"/>
						<line hits="0" number="1345"/>
						<line hits="0" number="1346"/>
						<line hits="0" number="1347"/>
						<line hits="0" number="1357"/>
						<line hits="0" number="1358"/>
						<line hits="0" number="1360"/>
						<line hits="1" number="1363"/>
						<line hits="0" number="1392"/>
						<line hits="0" number="1393"/>
						<line hits="0" number="1395"/>
						<line hits="0" number="1396"/>
						<line hits="0" number="1398"/>
						<line hits="0" number="1399"/>
						<line hits="0" number="1400"/>
						<line hits="0" number="1401"/>
						<line hits="0" number="1402"/>
						<line hits="0" number="1404"/>
						<line hits="1" number="1407"/>
						<line hits="0" number="1448"/>
						<line hits="0" number="1449"/>
						<line hits="0" number="1451"/>
						<line hits="0" number="1452"/>
						<line hits="0" number="1454"/>
						<line hits="0" number="1455"/>
						<line hits="0" number="1456"/>
						<line hits="0" number="1457"/>
						<line hits="1" number="1460"/>
						<line hits="0" number="1489"/>
						<line hits="0" number="1490"/>
						<line hits="0" number="1492"/>
						<line hits="0" number="1493"/>
						<line hits="0" number="1494"/>
						<line hits="0" number="1495"/>
						<line hits="0" number="1496"/>
						<line hits="1" number="1499"/>
						<line hits="0" number="1533"/>
						<line hits="0" number="1534"/>
						<line hits="1" number="1537"/>
						<line hits="0" number="1588"/>
						<line hits="0" number="1589"/>
						<line hits="0" number="1590"/>
						<line hits="0" number="1591"/>
						<line hits="0" number="1592"/>
						<line hits="0" number="1593"/>
						<line hits="0" number="1594"/>
						<line hits="0" number="1595"/>
						<line hits="0" number="1596"/>
						<line hits="0" number="1597"/>
						<line hits="0" number="1599"/>
						<line hits="0" number="1600"/>
						<line hits="0" number="1602"/>
						<line hits="0" number="1603"/>
						<line hits="0" number="1604"/>
						<line hits="0" number="1605"/>
						<line hits="0" number="1606"/>
						<line hits="0" number="1607"/>
						<line hits="0" number="1609"/>
						<line hits="1" number="1612"/>
						<line hits="0" number="1621"/>
						<line hits="0" number="1622"/>
						<line hits="0" number="1623"/>
						<line hits="0" number="1624"/>
						<line hits="0" number="1625"/>
						<line hits="1" number="1628"/>
						<line hits="0" number="1666"/>
						<line hits="0" number="1667"/>
						<line hits="0" number="1669"/>
						<line hits="0" number="1670"/>
						<line hits="0" number="1672"/>
						<line hits="0" number="1673"/>
						<line hits="1" number="1676"/>
						<line hits="0" number="1691"/>
						<line hits="1" number="1694"/>
						<line hits="0" number="1708"/>
						<line hits="0" number="1709"/>
						<line hits="0" number="1710"/>
						<line hits="0" number="1711"/>
						<line hits="0" number="1712"/>
						<line hits="0" number="1713"/>
						<line hits="0" number="1715"/>
						<line hits="0" number="1716"/>
						<line hits="0" number="1717"/>
						<line hits="1" number="1720"/>
						<line hits="0" number="1734"/>
						<line hits="1" number="1737"/>
						<line hits="0" number="1755"/>
						<line hits="0" number="1756"/>
						<line hits="0" number="1757"/>
						<line hits="0" number="1758"/>
						<line hits="0" number="1759"/>
						<line hits="0" number="1760"/>
						<line hits="0" number="1762"/>
						<line hits="0" number="1764"/>
						<line hits="0" number="1765"/>
						<line hits="0" number="1767"/>
						<line hits="0" number="1769"/>
						<line hits="0" number="1770"/>
						<line hits="0" number="1773"/>
						<line hits="0" number="1776"/>
						<line hits="0" number="1777"/>
						<line hits="0" number="1778"/>
						<line hits="0" number="1779"/>
						<line hits="0" number="1781"/>
						<line hits="0" number="1784"/>
						<line hits="0" number="1785"/>
						<line hits="0" number="1786"/>
						<line hits="0" number="1788"/>
						<line hits="0" number="1789"/>
						<line hits="0" number="1790"/>
						<line hits="0" number="1792"/>
						<line hits="0" number="1796"/>
						<line hits="0" number="1798"/>
						<line hits="0" number="1799"/>
						<line hits="0" number="1800"/>
						<line hits="0" number="1801"/>
						<line hits="0" number="1802"/>
						<line hits="0" number="1805"/>
						<line hits="0" number="1807"/>
						<line hits="0" number="1809"/>
						<line hits="0" number="1811"/>
						<line hits="0" number="1812"/>
						<line hits="0" number="1813"/>
						<line hits="0" number="1818"/>
						<line hits="0" number="1819"/>
						<line hits="0" number="1821"/>
						<line hits="0" number="1823"/>
						<line hits="0" number="1824"/>
						<line hits="0" number="1827"/>
						<line hits="0" number="1828"/>
						<line hits="0" number="1829"/>
						<line hits="0" number="1833"/>
						<line hits="0" number="1834"/>
						<line hits="0" number="1835"/>
						<line hits="0" number="1838"/>
						<line hits="0" number="1839"/>
						<line hits="0" number="1840"/>
						<line hits="0" number="1843"/>
						<line hits="0" number="1844"/>
						<line hits="0" number="1845"/>
						<line hits="0" number="1846"/>
						<line hits="0" number="1848"/>
						<line hits="0" number="1850"/>
						<line hits="1" number="1853"/>
						<line hits="0" number="1865"/>
						<line hits="0" number="1866"/>
						<line hits="0" number="1867"/>
						<line hits="0" number="1868"/>
						<line hits="1" number="1871"/>
						<line hits="0" number="1902"/>
						<line hits="0" number="1905"/>
						<line hits="1" number="1908"/>
						<line hits="0" number="1947"/>
						<line hits="0" number="1948"/>
						<line hits="0" number="1949"/>
						<line hits="0" number="1950"/>
						<line hits="0" number="1951"/>
						<line hits="0" number="1953"/>
						<line hits="0" number="1954"/>
						<line hits="0" number="1956"/>
						<line hits="1" number="1959"/>
						<line hits="1" number="1988"/>
						<line hits="0" number="1989"/>
						<line hits="0" number="1990"/>
						<line hits="0" number="1991"/>
						<line hits="1" number="1993"/>
						<line hits="0" number="1994"/>
						<line hits="1" number="1996"/>
						<line hits="0" number="1997"/>
						<line hits="1" number="1999"/>
						<line hits="0" number="2000"/>
						<line hits="1" number="2003"/>
						<line hits="1" number="2055"/>
						<line hits="0" number="2056"/>
						<line hits="0" number="2057"/>
						<line hits="0" number="2058"/>
						<line hits="1" number="2060"/>
						<line hits="0" number="2061"/>
						<line hits="1" number="2063"/>
						<line hits="0" number="2064"/>
						<line hits="0" number="2065"/>
						<line hits="0" number="2066"/>
						<line hits="0" number="2067"/>
						<line hits="0" number="2068"/>
						<line hits="0" number="2070"/>
						<line hits="0" number="2071"/>
						<line hits="0" number="2073"/>
						<line hits="0" number="2074"/>
						<line hits="0" number="2075"/>
						<line hits="1" number="2077"/>
						<line hits="0" number="2078"/>
						<line hits="1" number="2080"/>
						<line hits="0" number="2081"/>
						<line hits="0" number="2082"/>
						<line hits="0" number="2083"/>
						<line hits="0" number="2084"/>
						<line hits="1" number="2087"/>
						<line hits="1" number="2107"/>
						<line hits="0" number="2109"/>
						<line hits="1" number="2111"/>
						<line hits="0" number="2113"/>
						<line hits="1" number="2116"/>
						<line hits="0" number="2131"/>
						<line hits="1" number="2134"/>
						<line hits="0" number="2140"/>
						<line hits="0" number="2141"/>
						<line hits="1" number="2144"/>
						<line hits="0" number="2194"/>
						<line hits="0" number="2195"/>
						<line hits="0" number="2196"/>
						<line hits="0" number="2197"/>
						<line hits="0" number="2198"/>
						<line hits="0" number="2199"/>
						<line hits="0" number="2200"/>
						<line hits="0" number="2202"/>
						<line hits="0" number="2204"/>
						<line hits="0" number="2206"/>
						<line hits="1" number="2209"/>
						<line hits="0" number="2260"/>
						<line hits="0" number="2262"/>
						<line hits="0" number="2263"/>
						<line hits="0" number="2264"/>
						<line hits="0" number="2265"/>
						<line hits="0" number="2266"/>
						<line hits="0" number="2268"/>
						<line hits="0" number="2269"/>
						<line hits="0" number="2270"/>
						<line hits="0" number="2272"/>
						<line hits="0" number="2273"/>
						<line hits="1" number="2276"/>
						<line hits="0" number="2309"/>
						<line hits="0" number="2310"/>
						<line hits="0" number="2311"/>
						<line hits="0" number="2312"/>
						<line hits="0" number="2315"/>
						<line hits="0" number="2316"/>
						<line hits="0" number="2318"/>
						<line hits="1" number="2321"/>
						<line hits="0" number="2350"/>
						<line hits="0" number="2351"/>
						<line hits="0" number="2354"/>
						<line hits="0" number="2358"/>
						<line hits="0" number="2359"/>
						<line hits="0" number="2361"/>
						<line hits="0" number="2362"/>
						<line hits="0" number="2369"/>
						<line hits="0" number="2370"/>
						<line hits="0" number="2371"/>
						<line hits="0" number="2372"/>
						<line hits="0" number="2373"/>
						<line hits="0" number="2374"/>
						<line hits="0" number="2378"/>
						<line hits="0" number="2379"/>
						<line hits="1" number="2382"/>
						<line hits="0" number="2396"/>
						<line hits="0" number="2397"/>
						<line hits="0" number="2398"/>
						<line hits="0" number="2399"/>
						<line hits="1" number="2402"/>
						<line hits="0" number="2427"/>
						<line hits="0" number="2428"/>
						<line hits="0" number="2430"/>
						<line hits="0" number="2432"/>
						<line hits="0" number="2434"/>
						<line hits="0" number="2436"/>
						<line hits="0" number="2437"/>
						<line hits="0" number="2439"/>
						<line hits="0" number="2440"/>
						<line hits="0" number="2441"/>
						<line hits="0" number="2442"/>
						<line hits="0" number="2443"/>
						<line hits="0" number="2444"/>
						<line hits="0" number="2446"/>
						<line hits="0" number="2451"/>
						<line hits="0" number="2452"/>
						<line hits="0" number="2454"/>
						<line hits="0" number="2455"/>
						<line hits="0" number="2456"/>
						<line hits="0" number="2458"/>
						<line hits="1" number="2461"/>
						<line hits="0" number="2481"/>
						<line hits="0" number="2482"/>
						<line hits="0" number="2484"/>
						<line hits="0" number="2485"/>
						<line hits="0" number="2486"/>
						<line hits="0" number="2487"/>
						<line hits="0" number="2488"/>
						<line hits="1" number="2491"/>
						<line hits="0" number="2514"/>
						<line hits="0" number="2515"/>
						<line hits="0" number="2517"/>
						<line hits="0" number="2518"/>
						<line hits="0" number="2519"/>
						<line hits="0" number="2520"/>
						<line hits="0" number="2522"/>
						<line hits="0" number="2524"/>
						<line hits="1" number="2527"/>
						<line hits="0" number="2548"/>
						<line hits="0" number="2550"/>
						<line hits="0" number="2552"/>
						<line hits="0" number="2553"/>
						<line hits="0" number="2554"/>
						<line hits="0" number="2557"/>
						<line hits="0" number="2558"/>
						<line hits="0" number="2561"/>
						<line hits="1" number="2564"/>
						<line hits="0" number="2575"/>
						<line hits="0" number="2576"/>
						<line hits="0" number="2577"/>
						<line hits="0" number="2578"/>
						<line hits="0" number="2580"/>
						<line hits="0" number="2581"/>
						<line hits="0" number="2582"/>
						<line hits="0" number="2583"/>
						<line hits="1" number="2586"/>
						<line hits="0" number="2601"/>
						<line hits="0" number="2602"/>
						<line hits="0" number="2603"/>
						<line hits="0" number="2604"/>
						<line hits="0" number="2605"/>
						<line hits="0" number="2606"/>
						<line hits="0" number="2608"/>
						<line hits="1" number="2611"/>
						<line hits="0" number="2625"/>
						<line hits="0" number="2626"/>
						<line hits="0" number="2627"/>
						<line hits="0" number="2628"/>
						<line hits="0" number="2629"/>
						<line hits="0" number="2630"/>
					</lines>
				</class>
				<class branch-rate="0" complexity="0" filename="/home/ktmeaton/.local/lib/python3.7/site-packages/more_itertools/recipes.py" line-rate="0.2391" name="recipes.py">
					<methods/>
					<lines>
						<line hits="1" number="10"/>
						<line hits="1" number="11"/>
						<line hits="1" number="12"/>
						<line hits="1" number="25"/>
						<line hits="1" number="26"/>
						<line hits="1" number="28"/>
						<line hits="1" number="59"/>
						<line hits="0" number="71"/>
						<line hits="1" number="74"/>
						<line hits="0" number="89"/>
						<line hits="1" number="92"/>
						<line hits="0" number="100"/>
						<line hits="1" number="103"/>
						<line hits="0" number="135"/>
						<line hits="0" number="137"/>
						<line hits="0" number="140"/>
						<line hits="1" number="143"/>
						<line hits="0" number="153"/>
						<line hits="1" number="156"/>
						<line hits="0" number="166"/>
						<line hits="0" number="167"/>
						<line hits="1" number="170"/>
						<line hits="0" number="177"/>
						<line hits="1" number="180"/>
						<line hits="0" number="191"/>
						<line hits="1" number="194"/>
						<line hits="0" number="201"/>
						<line hits="1" number="204"/>
						<line hits="0" number="211"/>
						<line hits="1" number="214"/>
						<line hits="0" number="223"/>
						<line hits="1" number="226"/>
						<line hits="0" number="248"/>
						<line hits="0" number="249"/>
						<line hits="0" number="250"/>
						<line hits="1" number="253"/>
						<line hits="0" number="260"/>
						<line hits="0" number="261"/>
						<line hits="0" number="262"/>
						<line hits="1" number="265"/>
						<line hits="0" number="272"/>
						<line hits="0" number="273"/>
						<line hits="0" number="277"/>
						<line hits="0" number="278"/>
						<line hits="0" number="279"/>
						<line hits="1" number="282"/>
						<line hits="0" number="294"/>
						<line hits="0" number="295"/>
						<line hits="0" number="296"/>
						<line hits="0" number="297"/>
						<line hits="0" number="298"/>
						<line hits="0" number="299"/>
						<line hits="0" number="300"/>
						<line hits="0" number="301"/>
						<line hits="0" number="302"/>
						<line hits="1" number="305"/>
						<line hits="0" number="319"/>
						<line hits="0" number="320"/>
						<line hits="1" number="323"/>
						<line hits="0" number="342"/>
						<line hits="0" number="343"/>
						<line hits="1" number="346"/>
						<line hits="0" number="373"/>
						<line hits="0" number="374"/>
						<line hits="0" number="375"/>
						<line hits="0" number="376"/>
						<line hits="0" number="377"/>
						<line hits="0" number="378"/>
						<line hits="0" number="379"/>
						<line hits="0" number="380"/>
						<line hits="0" number="381"/>
						<line hits="0" number="382"/>
						<line hits="0" number="383"/>
						<line hits="0" number="384"/>
						<line hits="0" number="385"/>
						<line hits="0" number="386"/>
						<line hits="0" number="388"/>
						<line hits="0" number="389"/>
						<line hits="0" number="390"/>
						<line hits="0" number="391"/>
						<line hits="0" number="392"/>
						<line hits="0" number="393"/>
						<line hits="0" number="394"/>
						<line hits="0" number="395"/>
						<line hits="0" number="396"/>
						<line hits="0" number="397"/>
						<line hits="1" number="400"/>
						<line hits="0" number="409"/>
						<line hits="1" number="412"/>
						<line hits="0" number="424"/>
						<line hits="0" number="425"/>
						<line hits="0" number="426"/>
						<line hits="0" number="427"/>
						<line hits="0" number="428"/>
						<line hits="0" number="429"/>
						<line hits="0" number="430"/>
						<line hits="1" number="433"/>
						<line hits="0" number="450"/>
						<line hits="1" number="453"/>
						<line hits="0" number="469"/>
						<line hits="0" number="470"/>
						<line hits="1" number="473"/>
						<line hits="0" number="486"/>
						<line hits="0" number="487"/>
						<line hits="0" number="488"/>
						<line hits="1" number="491"/>
						<line hits="0" number="501"/>
						<line hits="0" number="502"/>
						<line hits="0" number="503"/>
						<line hits="0" number="504"/>
						<line hits="1" number="507"/>
						<line hits="0" number="518"/>
						<line hits="0" number="519"/>
						<line hits="0" number="520"/>
						<line hits="0" number="521"/>
						<line hits="1" number="524"/>
						<line hits="0" number="533"/>
						<line hits="0" number="534"/>
						<line hits="0" number="535"/>
						<line hits="0" number="536"/>
						<line hits="0" number="538"/>
						<line hits="0" number="539"/>
						<line hits="0" number="540"/>
						<line hits="0" number="541"/>
						<line hits="0" number="543"/>
						<line hits="0" number="544"/>
						<line hits="0" number="546"/>
						<line hits="0" number="547"/>
						<line hits="0" number="549"/>
						<line hits="0" number="550"/>
						<line hits="0" number="551"/>
						<line hits="0" number="552"/>
						<line hits="0" number="553"/>
						<line hits="0" number="554"/>
						<line hits="0" number="555"/>
						<line hits="0" number="557"/>
						<line hits="1" number="560"/>
						<line hits="0" number="571"/>
					</lines>
				</class>
			</classes>
		</package>
	</packages>
</coverage>
